\BOOKMARK [1][-]{section*.4}{Abbildungsverzeichnis}{}% 1
\BOOKMARK [1][-]{section*.5}{Tabellenverzeichnis}{}% 2
\BOOKMARK [1][-]{section*.6}{Listingverzeichnis}{}% 3
\BOOKMARK [1][-]{section*.7}{Abk\374rzungsverzeichnis}{}% 4
\BOOKMARK [1][-]{section.1}{1 Einleitung}{}% 5
\BOOKMARK [1][-]{section.2}{2 Anforderungsanalyse}{}% 6
\BOOKMARK [2][-]{subsection.2.1}{2.1 Allgemein}{section.2}% 7
\BOOKMARK [2][-]{subsection.2.2}{2.2 Webserver}{section.2}% 8
\BOOKMARK [2][-]{subsection.2.3}{2.3 Android-App}{section.2}% 9
\BOOKMARK [2][-]{subsection.2.4}{2.4 Usability}{section.2}% 10
\BOOKMARK [2][-]{subsection.2.5}{2.5 Sicherheit}{section.2}% 11
\BOOKMARK [1][-]{section.3}{3 Architektur}{}% 12
\BOOKMARK [2][-]{subsection.3.1}{3.1 \334berblick}{section.3}% 13
\BOOKMARK [2][-]{subsection.3.2}{3.2 Datenbank}{section.3}% 14
\BOOKMARK [2][-]{subsection.3.3}{3.3 REST API}{section.3}% 15
\BOOKMARK [1][-]{section.4}{4 Analyse}{}% 16
\BOOKMARK [2][-]{subsection.4.1}{4.1 Use Cases}{section.4}% 17
\BOOKMARK [2][-]{subsection.4.2}{4.2 Analyse von Entit\344ten}{section.4}% 18
\BOOKMARK [2][-]{subsection.4.3}{4.3 Komponenten des Webservers}{section.4}% 19
\BOOKMARK [2][-]{subsection.4.4}{4.4 Komponenten der Android App}{section.4}% 20
\BOOKMARK [3][-]{subsubsection.4.4.1}{4.4.1 Kommunikation mit dem Webserver}{subsection.4.4}% 21
\BOOKMARK [3][-]{subsubsection.4.4.2}{4.4.2 Anmeldung und Authentifizierung}{subsection.4.4}% 22
\BOOKMARK [3][-]{subsubsection.4.4.3}{4.4.3 Positionsbestimmung}{subsection.4.4}% 23
\BOOKMARK [3][-]{subsubsection.4.4.4}{4.4.4 H\366henbestimmung}{subsection.4.4}% 24
\BOOKMARK [3][-]{subsubsection.4.4.5}{4.4.5 Aufzeichnen des Laufes}{subsection.4.4}% 25
\BOOKMARK [3][-]{subsubsection.4.4.6}{4.4.6 Frontend der Android App}{subsection.4.4}% 26
\BOOKMARK [3][-]{subsubsection.4.4.7}{4.4.7 Darstellung des Laufes}{subsection.4.4}% 27
\BOOKMARK [1][-]{section.5}{5 Design}{}% 28
\BOOKMARK [1][-]{section.6}{6 Implementierung}{}% 29
\BOOKMARK [1][-]{section.7}{7 Testen}{}% 30
\BOOKMARK [1][-]{section.8}{8 Anwendungsbeispiel}{}% 31
\BOOKMARK [1][-]{section.9}{9 Ausblick}{}% 32
\BOOKMARK [1][-]{section.10}{10 Fazit}{}% 33
\BOOKMARK [1][-]{section.10}{Literaturverzeichnis}{}% 34
\BOOKMARK [1][-]{section*.13}{Anhang}{}% 35
\BOOKMARK [1][-]{section*.14}{Eidesstattliche Erkl\344rung}{}% 36
